[+] Containers:
 |- [+] Container: /Game/ThirdPerson/Maps/MainLevelMap
 |   |- [+] ActorDescs:
 |   |   |- Guid:2FB58999456391D349DC0F86DAC136ED BaseClass: NativeClass:/Script/Engine.SkyLight Name:SkyLight_1 Label:SkyLight SpatiallyLoaded:0 Bounds:IsValid=true, Min=(X=0.000 Y=0.000 Z=690.000), Max=(X=0.000 Y=0.000 Z=690.000) RuntimeGrid:None EditorOnly:0 RuntimeOnly:0 HLODRelevant:0 ListedInSceneOutliner:1 IsMainWorldOnly:0 FolderPath:Lighting FolderGuid:963EC3EB4002CCE9759E2EBA541A873A
 |   |   |- Guid:304C54F7428B9A15BC2588B20CAF0011 BaseClass:/Game/Map/Map_Assets/Barn/Bp_Barn.Bp_Barn_C NativeClass:/Script/Engine.Actor Name:Bp_Barn_C_UAID_0C9A3C08B6C2873902_1176540601 Label:Bp_Barn3 SpatiallyLoaded:1 Bounds:IsValid=true, Min=(X=2943.977 Y=1260.849 Z=-305.000), Max=(X=4797.506 Y=3114.378 Z=655.000) RuntimeGrid:None EditorOnly:0 RuntimeOnly:0 HLODRelevant:0 ListedInSceneOutliner:1 IsMainWorldOnly:0
 |   |   |- Guid:316CF2A6494ACA4C0E4180A87D36AB8F BaseClass: NativeClass:/Script/Engine.ExponentialHeightFog Name:ExponentialHeightFog_0 Label:ExponentialHeightFog SpatiallyLoaded:0 Bounds:IsValid=true, Min=(X=-5600.000 Y=-50.000 Z=-6850.000), Max=(X=-5600.000 Y=-50.000 Z=-6850.000) RuntimeGrid:None EditorOnly:0 RuntimeOnly:0 HLODRelevant:0 ListedInSceneOutliner:1 IsMainWorldOnly:0 FolderPath:Lighting FolderGuid:963EC3EB4002CCE9759E2EBA541A873A
 |   |   |- Guid:3724DACC4BC3C1718C5A1794793EE184 BaseClass:/Game/Map/Map_Assets/Barn/Bp_Barn.Bp_Barn_C NativeClass:/Script/Engine.Actor Name:Bp_Barn_C_UAID_0C9A3C08B6C2873902_1162537408 Label:Bp_Barn2 SpatiallyLoaded:1 Bounds:IsValid=true, Min=(X=2521.223 Y=-1797.901 Z=-305.000), Max=(X=4254.583 Y=-64.540 Z=655.000) RuntimeGrid:None EditorOnly:0 RuntimeOnly:0 HLODRelevant:0 ListedInSceneOutliner:1 IsMainWorldOnly:0
 |   |   |- Guid:3A00AA1C422CE54C0BDB60BAF471BFBB BaseClass: NativeClass:/Script/Engine.PlayerStart Name:PlayerStart_0 Label:PlayerStart SpatiallyLoaded:0 Bounds:IsValid=true, Min=(X=-1562.000 Y=834.000 Z=105.013), Max=(X=-1482.000 Y=914.000 Z=289.013) RuntimeGrid:None EditorOnly:0 RuntimeOnly:0 HLODRelevant:0 ListedInSceneOutliner:1 IsMainWorldOnly:0
 |   |   |- Guid:3AB157D749DEB53EC206CC9807E3AB2C BaseClass: NativeClass:/Script/NavigationSystem.RecastNavMesh Name:RecastNavMesh_UAID_0C9A3C08B6C2413702-Default Label:RecastNavMesh-Default SpatiallyLoaded:0 Bounds:IsValid=true, Min=(X=0.000 Y=0.000 Z=0.000), Max=(X=0.000 Y=0.000 Z=0.000) RuntimeGrid:None EditorOnly:0 RuntimeOnly:0 HLODRelevant:0 ListedInSceneOutliner:1 IsMainWorldOnly:0
 |   |   |- Guid:3F16DBA24DD197DA29CE12B5E21AD60D BaseClass: NativeClass:/Script/Landscape.Landscape Name:Landscape_UAID_0C9A3C08B6C25D3702_1731646943 Label:Landscape SpatiallyLoaded:0 Bounds:IsValid=true, Min=(X=-25200.000 Y=-25200.000 Z=0.000), Max=(X=-25200.000 Y=-25200.000 Z=0.000) RuntimeGrid:None EditorOnly:0 RuntimeOnly:0 HLODRelevant:0 ListedInSceneOutliner:1 IsMainWorldOnly:0
 |   |   |- Guid:4D3BE93F4146AAAC8BBE79999D96D57F BaseClass: NativeClass:/Script/Engine.VolumetricCloud Name:VolumetricCloud_0 Label:VolumetricCloud SpatiallyLoaded:0 Bounds:IsValid=true, Min=(X=0.000 Y=0.000 Z=820.000), Max=(X=0.000 Y=0.000 Z=820.000) RuntimeGrid:None EditorOnly:0 RuntimeOnly:0 HLODRelevant:0 ListedInSceneOutliner:1 IsMainWorldOnly:0 FolderPath:Lighting FolderGuid:963EC3EB4002CCE9759E2EBA541A873A
 |   |   |- Guid:533A70ED42CF0957EB99B08E412E2EC5 BaseClass:/Game/Map/Map_Assets/Barn/Bp_Barn.Bp_Barn_C NativeClass:/Script/Engine.Actor Name:Bp_Barn_C_UAID_0C9A3C08B6C2873902_1257229740 Label:Bp_Barn6 SpatiallyLoaded:1 Bounds:IsValid=true, Min=(X=624.999 Y=1445.445 Z=-305.000), Max=(X=2584.590 Y=3405.036 Z=655.000) RuntimeGrid:None EditorOnly:0 RuntimeOnly:0 HLODRelevant:0 ListedInSceneOutliner:1 IsMainWorldOnly:0
 |   |   |- Guid:6BAF4DDD444C60371492D3919DB42C97 BaseClass: NativeClass:/Script/Engine.WorldDataLayers Name:WorldDataLayers Label:WorldDataLayers SpatiallyLoaded:0 Bounds:Invalid RuntimeGrid:None EditorOnly:0 RuntimeOnly:0 HLODRelevant:0 ListedInSceneOutliner:1 IsMainWorldOnly:1
 |   |   |- Guid:6FEA649A4653F3E78FBB0C854DE13418 BaseClass: NativeClass:/Script/Landscape.LandscapeStreamingProxy Name:LandscapeStreamingProxy_2MMU1HVU2JT6SM0MPJ733HNY9_252_1_1_0 Label:LandscapeStreamingProxy_1_1_0 SpatiallyLoaded:1 Bounds:IsValid=true, Min=(X=0.000 Y=0.000 Z=-100.000), Max=(X=25200.000 Y=25200.000 Z=186.719) RuntimeGrid:None EditorOnly:0 RuntimeOnly:0 HLODRelevant:1 ListedInSceneOutliner:1 IsMainWorldOnly:0
 |   |   |- Guid:7BE7683A4F2434C4B53C399BE981C790 BaseClass: NativeClass:/Script/Landscape.LandscapeStreamingProxy Name:LandscapeStreamingProxy_2MMU1HVU2JT6SM0MPJ733HNY9_252_0_1_0 Label:LandscapeStreamingProxy_0_1_0 SpatiallyLoaded:1 Bounds:IsValid=true, Min=(X=-25200.000 Y=0.000 Z=-100.000), Max=(X=0.000 Y=25200.000 Z=295.312) RuntimeGrid:None EditorOnly:0 RuntimeOnly:0 HLODRelevant:1 ListedInSceneOutliner:1 IsMainWorldOnly:0
 |   |   |- Guid:851D8713456B1D0FB1CAA6AE71D5FBD4 BaseClass:/Game/Map/Map_Assets/Barn/Bp_Barn.Bp_Barn_C NativeClass:/Script/Engine.Actor Name:Bp_Barn_C_UAID_0C9A3C08B6C2823902_2118105571 Label:Bp_Barn SpatiallyLoaded:1 Bounds:IsValid=true, Min=(X=2724.140 Y=-323.732 Z=-305.000), Max=(X=4683.731 Y=1635.860 Z=655.000) RuntimeGrid:None EditorOnly:0 RuntimeOnly:0 HLODRelevant:0 ListedInSceneOutliner:1 IsMainWorldOnly:0
 |   |   |- Guid:9F2948514025E5E70EACCC99BA930BDA BaseClass:/Game/Map/Map_Assets/Barn/Bp_Barn.Bp_Barn_C NativeClass:/Script/Engine.Actor Name:Bp_Barn_C_UAID_0C9A3C08B6C2265A02_1699761158 Label:Bp_Barn5 SpatiallyLoaded:1 Bounds:IsValid=true, Min=(X=319.140 Y=-1921.732 Z=-305.000), Max=(X=2278.731 Y=37.860 Z=655.000) RuntimeGrid:None EditorOnly:0 RuntimeOnly:0 HLODRelevant:0 ListedInSceneOutliner:1 IsMainWorldOnly:0
 |   |   |- Guid:A1A9BE264D2B6B3C8572AFB9BCDBBE6C BaseClass:/Game/Map/Map_Assets/Barn/Bp_Barn.Bp_Barn_C NativeClass:/Script/Engine.Actor Name:Bp_Barn_C_UAID_0C9A3C08B6C2873902_1257214730 Label:Bp_Barn4 SpatiallyLoaded:1 Bounds:IsValid=true, Min=(X=378.375 Y=-12.707 Z=-305.000), Max=(X=2231.905 Y=1840.822 Z=655.000) RuntimeGrid:None EditorOnly:0 RuntimeOnly:0 HLODRelevant:0 ListedInSceneOutliner:1 IsMainWorldOnly:0
 |   |   |- Guid:B4FA750E46F1025BEF5394B0E48C141C BaseClass: NativeClass:/Script/Landscape.LandscapeStreamingProxy Name:LandscapeStreamingProxy_2MMU1HVU2JT6SM0MPJ733HNY9_252_1_0_0 Label:LandscapeStreamingProxy_1_0_0 SpatiallyLoaded:1 Bounds:IsValid=true, Min=(X=0.000 Y=-25200.000 Z=-100.000), Max=(X=25200.000 Y=0.000 Z=100.000) RuntimeGrid:None EditorOnly:0 RuntimeOnly:0 HLODRelevant:1 ListedInSceneOutliner:1 IsMainWorldOnly:0
 |   |   |- Guid:B785ED2844B84CFB91E7F39FE661CD99 BaseClass: NativeClass:/Script/Engine.DirectionalLight Name:DirectionalLight_0 Label:DirectionalLight SpatiallyLoaded:0 Bounds:Invalid RuntimeGrid:None EditorOnly:0 RuntimeOnly:0 HLODRelevant:0 ListedInSceneOutliner:1 IsMainWorldOnly:0 FolderPath:Lighting FolderGuid:963EC3EB4002CCE9759E2EBA541A873A
 |   |   |- Guid:C0CEF75C4F2AE863B35385A7D366412A BaseClass: NativeClass:/Script/Engine.StaticMeshActor Name:StaticMeshActor_UAID_0C9A3C08B6C2743902_1481996104 Label:house1 SpatiallyLoaded:1 Bounds:IsValid=true, Min=(X=2600.000 Y=3680.000 Z=30.000), Max=(X=2600.000 Y=3680.000 Z=30.000) RuntimeGrid:None EditorOnly:0 RuntimeOnly:0 HLODRelevant:0 ListedInSceneOutliner:1 IsMainWorldOnly:0
 |   |   |- Guid:C6FD8D7B41DC36BC200974B043A5A7B2 BaseClass: NativeClass:/Script/Landscape.LandscapeStreamingProxy Name:LandscapeStreamingProxy_2MMU1HVU2JT6SM0MPJ733HNY9_252_0_0_0 Label:LandscapeStreamingProxy_0_0_0 SpatiallyLoaded:1 Bounds:IsValid=true, Min=(X=-25200.000 Y=-25200.000 Z=-100.000), Max=(X=0.000 Y=0.000 Z=100.000) RuntimeGrid:None EditorOnly:0 RuntimeOnly:0 HLODRelevant:1 ListedInSceneOutliner:1 IsMainWorldOnly:0
 |   |   |- Guid:CCFF262C46EEFFDF319E7F9539CE697E BaseClass: NativeClass:/Script/Engine.SkyAtmosphere Name:SkyAtmosphere_0 Label:SkyAtmosphere SpatiallyLoaded:0 Bounds:IsValid=true, Min=(X=0.000 Y=0.000 Z=1020.000), Max=(X=0.000 Y=0.000 Z=1020.000) RuntimeGrid:None EditorOnly:0 RuntimeOnly:0 HLODRelevant:0 ListedInSceneOutliner:1 IsMainWorldOnly:0 FolderPath:Lighting FolderGuid:963EC3EB4002CCE9759E2EBA541A873A
 |   |   |- Guid:D960CEB64DC637B99781E2A157A5A495 BaseClass:/Game/lootCrate/CrateHolder.CrateHolder_C NativeClass:/Script/Engine.Actor Name:CrateHolder_C_UAID_0C9A3C08B6C2713902_1389024575 Label:CrateHolder SpatiallyLoaded:1 Bounds:IsValid=true, Min=(X=192.000 Y=392.000 Z=-2.000), Max=(X=368.000 Y=568.000 Z=142.000) RuntimeGrid:None EditorOnly:0 RuntimeOnly:0 HLODRelevant:0 ListedInSceneOutliner:1 IsMainWorldOnly:0
 |   |   |- Guid:EC4E0C944CE6AC6E784BC6BB2916EA13 BaseClass: NativeClass:/Script/Engine.StaticMeshActor Name:StaticMeshActor_UAID_A4AE111137DC5EFB00_1110535423 Label:SM_SkySphere SpatiallyLoaded:0 Bounds:IsValid=true, Min=(X=-1638400.000 Y=-1638400.000 Z=-1638400.000), Max=(X=1638400.000 Y=1638400.000 Z=1638400.000) RuntimeGrid:None EditorOnly:0 RuntimeOnly:0 HLODRelevant:0 ListedInSceneOutliner:1 IsMainWorldOnly:0 FolderPath:Lighting FolderGuid:963EC3EB4002CCE9759E2EBA541A873A
 |   |   |- Guid:EE88CBC043AF7A2D81CBA4A556705D84 BaseClass: NativeClass:/Script/NavigationSystem.NavMeshBoundsVolume Name:NavMeshBoundsVolume_UAID_0C9A3C08B6C2413702_1367266016 Label:NavMeshBoundsVolume SpatiallyLoaded:0 Bounds:IsValid=true, Min=(X=-39730.000 Y=-28540.000 Z=-920.000), Max=(X=40270.000 Y=31460.000 Z=5080.000) RuntimeGrid:None EditorOnly:0 RuntimeOnly:0 HLODRelevant:0 ListedInSceneOutliner:1 IsMainWorldOnly:0
 |   |   |- Guid:F5E3FEB3450C49844FD93DA8E083C8AD BaseClass: NativeClass:/Script/Engine.PostProcessVolume Name:PostProcessVolume_0 Label:PostProcessVolume SpatiallyLoaded:0 Bounds:IsValid=true, Min=(X=0.000 Y=-580.000 Z=400.000), Max=(X=200.000 Y=-380.000 Z=600.000) RuntimeGrid:None EditorOnly:0 RuntimeOnly:0 HLODRelevant:0 ListedInSceneOutliner:1 IsMainWorldOnly:0 FolderPath:Lighting FolderGuid:963EC3EB4002CCE9759E2EBA541A873A
 |   |- [+] Clusters:
 |   |   |- [+] [  0]
 |   |   |   |- Guid:2FB58999456391D349DC0F86DAC136ED BaseClass: NativeClass:/Script/Engine.SkyLight Name:SkyLight_1 Label:SkyLight SpatiallyLoaded:0 Bounds:IsValid=true, Min=(X=0.000 Y=0.000 Z=690.000), Max=(X=0.000 Y=0.000 Z=690.000) RuntimeGrid:None EditorOnly:0 RuntimeOnly:0 HLODRelevant:0 ListedInSceneOutliner:1 IsMainWorldOnly:0 FolderPath:Lighting FolderGuid:963EC3EB4002CCE9759E2EBA541A873A
 |   |   |- [+] [  1]
 |   |   |   |- Guid:304C54F7428B9A15BC2588B20CAF0011 BaseClass:/Game/Map/Map_Assets/Barn/Bp_Barn.Bp_Barn_C NativeClass:/Script/Engine.Actor Name:Bp_Barn_C_UAID_0C9A3C08B6C2873902_1176540601 Label:Bp_Barn3 SpatiallyLoaded:1 Bounds:IsValid=true, Min=(X=2943.977 Y=1260.849 Z=-305.000), Max=(X=4797.506 Y=3114.378 Z=655.000) RuntimeGrid:None EditorOnly:0 RuntimeOnly:0 HLODRelevant:0 ListedInSceneOutliner:1 IsMainWorldOnly:0
 |   |   |- [+] [  2]
 |   |   |   |- Guid:316CF2A6494ACA4C0E4180A87D36AB8F BaseClass: NativeClass:/Script/Engine.ExponentialHeightFog Name:ExponentialHeightFog_0 Label:ExponentialHeightFog SpatiallyLoaded:0 Bounds:IsValid=true, Min=(X=-5600.000 Y=-50.000 Z=-6850.000), Max=(X=-5600.000 Y=-50.000 Z=-6850.000) RuntimeGrid:None EditorOnly:0 RuntimeOnly:0 HLODRelevant:0 ListedInSceneOutliner:1 IsMainWorldOnly:0 FolderPath:Lighting FolderGuid:963EC3EB4002CCE9759E2EBA541A873A
 |   |   |- [+] [  3]
 |   |   |   |- Guid:3724DACC4BC3C1718C5A1794793EE184 BaseClass:/Game/Map/Map_Assets/Barn/Bp_Barn.Bp_Barn_C NativeClass:/Script/Engine.Actor Name:Bp_Barn_C_UAID_0C9A3C08B6C2873902_1162537408 Label:Bp_Barn2 SpatiallyLoaded:1 Bounds:IsValid=true, Min=(X=2521.223 Y=-1797.901 Z=-305.000), Max=(X=4254.583 Y=-64.540 Z=655.000) RuntimeGrid:None EditorOnly:0 RuntimeOnly:0 HLODRelevant:0 ListedInSceneOutliner:1 IsMainWorldOnly:0
 |   |   |- [+] [  4]
 |   |   |   |- Guid:3A00AA1C422CE54C0BDB60BAF471BFBB BaseClass: NativeClass:/Script/Engine.PlayerStart Name:PlayerStart_0 Label:PlayerStart SpatiallyLoaded:0 Bounds:IsValid=true, Min=(X=-1562.000 Y=834.000 Z=105.013), Max=(X=-1482.000 Y=914.000 Z=289.013) RuntimeGrid:None EditorOnly:0 RuntimeOnly:0 HLODRelevant:0 ListedInSceneOutliner:1 IsMainWorldOnly:0
 |   |   |- [+] [  5]
 |   |   |   |- Guid:3AB157D749DEB53EC206CC9807E3AB2C BaseClass: NativeClass:/Script/NavigationSystem.RecastNavMesh Name:RecastNavMesh_UAID_0C9A3C08B6C2413702-Default Label:RecastNavMesh-Default SpatiallyLoaded:0 Bounds:IsValid=true, Min=(X=0.000 Y=0.000 Z=0.000), Max=(X=0.000 Y=0.000 Z=0.000) RuntimeGrid:None EditorOnly:0 RuntimeOnly:0 HLODRelevant:0 ListedInSceneOutliner:1 IsMainWorldOnly:0
 |   |   |- [+] [  6]
 |   |   |   |- Guid:3F16DBA24DD197DA29CE12B5E21AD60D BaseClass: NativeClass:/Script/Landscape.Landscape Name:Landscape_UAID_0C9A3C08B6C25D3702_1731646943 Label:Landscape SpatiallyLoaded:0 Bounds:IsValid=true, Min=(X=-25200.000 Y=-25200.000 Z=0.000), Max=(X=-25200.000 Y=-25200.000 Z=0.000) RuntimeGrid:None EditorOnly:0 RuntimeOnly:0 HLODRelevant:0 ListedInSceneOutliner:1 IsMainWorldOnly:0
 |   |   |- [+] [  7]
 |   |   |   |- Guid:4D3BE93F4146AAAC8BBE79999D96D57F BaseClass: NativeClass:/Script/Engine.VolumetricCloud Name:VolumetricCloud_0 Label:VolumetricCloud SpatiallyLoaded:0 Bounds:IsValid=true, Min=(X=0.000 Y=0.000 Z=820.000), Max=(X=0.000 Y=0.000 Z=820.000) RuntimeGrid:None EditorOnly:0 RuntimeOnly:0 HLODRelevant:0 ListedInSceneOutliner:1 IsMainWorldOnly:0 FolderPath:Lighting FolderGuid:963EC3EB4002CCE9759E2EBA541A873A
 |   |   |- [+] [  8]
 |   |   |   |- Guid:533A70ED42CF0957EB99B08E412E2EC5 BaseClass:/Game/Map/Map_Assets/Barn/Bp_Barn.Bp_Barn_C NativeClass:/Script/Engine.Actor Name:Bp_Barn_C_UAID_0C9A3C08B6C2873902_1257229740 Label:Bp_Barn6 SpatiallyLoaded:1 Bounds:IsValid=true, Min=(X=624.999 Y=1445.445 Z=-305.000), Max=(X=2584.590 Y=3405.036 Z=655.000) RuntimeGrid:None EditorOnly:0 RuntimeOnly:0 HLODRelevant:0 ListedInSceneOutliner:1 IsMainWorldOnly:0
 |   |   |- [+] [  9]
 |   |   |   |- Guid:6BAF4DDD444C60371492D3919DB42C97 BaseClass: NativeClass:/Script/Engine.WorldDataLayers Name:WorldDataLayers Label:WorldDataLayers SpatiallyLoaded:0 Bounds:Invalid RuntimeGrid:None EditorOnly:0 RuntimeOnly:0 HLODRelevant:0 ListedInSceneOutliner:1 IsMainWorldOnly:1
 |   |   |- [+] [ 10]
 |   |   |   |- Guid:6FEA649A4653F3E78FBB0C854DE13418 BaseClass: NativeClass:/Script/Landscape.LandscapeStreamingProxy Name:LandscapeStreamingProxy_2MMU1HVU2JT6SM0MPJ733HNY9_252_1_1_0 Label:LandscapeStreamingProxy_1_1_0 SpatiallyLoaded:1 Bounds:IsValid=true, Min=(X=0.000 Y=0.000 Z=-100.000), Max=(X=25200.000 Y=25200.000 Z=186.719) RuntimeGrid:None EditorOnly:0 RuntimeOnly:0 HLODRelevant:1 ListedInSceneOutliner:1 IsMainWorldOnly:0
 |   |   |- [+] [ 11]
 |   |   |   |- Guid:7BE7683A4F2434C4B53C399BE981C790 BaseClass: NativeClass:/Script/Landscape.LandscapeStreamingProxy Name:LandscapeStreamingProxy_2MMU1HVU2JT6SM0MPJ733HNY9_252_0_1_0 Label:LandscapeStreamingProxy_0_1_0 SpatiallyLoaded:1 Bounds:IsValid=true, Min=(X=-25200.000 Y=0.000 Z=-100.000), Max=(X=0.000 Y=25200.000 Z=295.312) RuntimeGrid:None EditorOnly:0 RuntimeOnly:0 HLODRelevant:1 ListedInSceneOutliner:1 IsMainWorldOnly:0
 |   |   |- [+] [ 12]
 |   |   |   |- Guid:851D8713456B1D0FB1CAA6AE71D5FBD4 BaseClass:/Game/Map/Map_Assets/Barn/Bp_Barn.Bp_Barn_C NativeClass:/Script/Engine.Actor Name:Bp_Barn_C_UAID_0C9A3C08B6C2823902_2118105571 Label:Bp_Barn SpatiallyLoaded:1 Bounds:IsValid=true, Min=(X=2724.140 Y=-323.732 Z=-305.000), Max=(X=4683.731 Y=1635.860 Z=655.000) RuntimeGrid:None EditorOnly:0 RuntimeOnly:0 HLODRelevant:0 ListedInSceneOutliner:1 IsMainWorldOnly:0
 |   |   |- [+] [ 13]
 |   |   |   |- Guid:9F2948514025E5E70EACCC99BA930BDA BaseClass:/Game/Map/Map_Assets/Barn/Bp_Barn.Bp_Barn_C NativeClass:/Script/Engine.Actor Name:Bp_Barn_C_UAID_0C9A3C08B6C2265A02_1699761158 Label:Bp_Barn5 SpatiallyLoaded:1 Bounds:IsValid=true, Min=(X=319.140 Y=-1921.732 Z=-305.000), Max=(X=2278.731 Y=37.860 Z=655.000) RuntimeGrid:None EditorOnly:0 RuntimeOnly:0 HLODRelevant:0 ListedInSceneOutliner:1 IsMainWorldOnly:0
 |   |   |- [+] [ 14]
 |   |   |   |- Guid:A1A9BE264D2B6B3C8572AFB9BCDBBE6C BaseClass:/Game/Map/Map_Assets/Barn/Bp_Barn.Bp_Barn_C NativeClass:/Script/Engine.Actor Name:Bp_Barn_C_UAID_0C9A3C08B6C2873902_1257214730 Label:Bp_Barn4 SpatiallyLoaded:1 Bounds:IsValid=true, Min=(X=378.375 Y=-12.707 Z=-305.000), Max=(X=2231.905 Y=1840.822 Z=655.000) RuntimeGrid:None EditorOnly:0 RuntimeOnly:0 HLODRelevant:0 ListedInSceneOutliner:1 IsMainWorldOnly:0
 |   |   |- [+] [ 15]
 |   |   |   |- Guid:B4FA750E46F1025BEF5394B0E48C141C BaseClass: NativeClass:/Script/Landscape.LandscapeStreamingProxy Name:LandscapeStreamingProxy_2MMU1HVU2JT6SM0MPJ733HNY9_252_1_0_0 Label:LandscapeStreamingProxy_1_0_0 SpatiallyLoaded:1 Bounds:IsValid=true, Min=(X=0.000 Y=-25200.000 Z=-100.000), Max=(X=25200.000 Y=0.000 Z=100.000) RuntimeGrid:None EditorOnly:0 RuntimeOnly:0 HLODRelevant:1 ListedInSceneOutliner:1 IsMainWorldOnly:0
 |   |   |- [+] [ 16]
 |   |   |   |- Guid:B785ED2844B84CFB91E7F39FE661CD99 BaseClass: NativeClass:/Script/Engine.DirectionalLight Name:DirectionalLight_0 Label:DirectionalLight SpatiallyLoaded:0 Bounds:Invalid RuntimeGrid:None EditorOnly:0 RuntimeOnly:0 HLODRelevant:0 ListedInSceneOutliner:1 IsMainWorldOnly:0 FolderPath:Lighting FolderGuid:963EC3EB4002CCE9759E2EBA541A873A
 |   |   |- [+] [ 17]
 |   |   |   |- Guid:C0CEF75C4F2AE863B35385A7D366412A BaseClass: NativeClass:/Script/Engine.StaticMeshActor Name:StaticMeshActor_UAID_0C9A3C08B6C2743902_1481996104 Label:house1 SpatiallyLoaded:1 Bounds:IsValid=true, Min=(X=2600.000 Y=3680.000 Z=30.000), Max=(X=2600.000 Y=3680.000 Z=30.000) RuntimeGrid:None EditorOnly:0 RuntimeOnly:0 HLODRelevant:0 ListedInSceneOutliner:1 IsMainWorldOnly:0
 |   |   |- [+] [ 18]
 |   |   |   |- Guid:C6FD8D7B41DC36BC200974B043A5A7B2 BaseClass: NativeClass:/Script/Landscape.LandscapeStreamingProxy Name:LandscapeStreamingProxy_2MMU1HVU2JT6SM0MPJ733HNY9_252_0_0_0 Label:LandscapeStreamingProxy_0_0_0 SpatiallyLoaded:1 Bounds:IsValid=true, Min=(X=-25200.000 Y=-25200.000 Z=-100.000), Max=(X=0.000 Y=0.000 Z=100.000) RuntimeGrid:None EditorOnly:0 RuntimeOnly:0 HLODRelevant:1 ListedInSceneOutliner:1 IsMainWorldOnly:0
 |   |   |- [+] [ 19]
 |   |   |   |- Guid:CCFF262C46EEFFDF319E7F9539CE697E BaseClass: NativeClass:/Script/Engine.SkyAtmosphere Name:SkyAtmosphere_0 Label:SkyAtmosphere SpatiallyLoaded:0 Bounds:IsValid=true, Min=(X=0.000 Y=0.000 Z=1020.000), Max=(X=0.000 Y=0.000 Z=1020.000) RuntimeGrid:None EditorOnly:0 RuntimeOnly:0 HLODRelevant:0 ListedInSceneOutliner:1 IsMainWorldOnly:0 FolderPath:Lighting FolderGuid:963EC3EB4002CCE9759E2EBA541A873A
 |   |   |- [+] [ 20]
 |   |   |   |- Guid:D960CEB64DC637B99781E2A157A5A495 BaseClass:/Game/lootCrate/CrateHolder.CrateHolder_C NativeClass:/Script/Engine.Actor Name:CrateHolder_C_UAID_0C9A3C08B6C2713902_1389024575 Label:CrateHolder SpatiallyLoaded:1 Bounds:IsValid=true, Min=(X=192.000 Y=392.000 Z=-2.000), Max=(X=368.000 Y=568.000 Z=142.000) RuntimeGrid:None EditorOnly:0 RuntimeOnly:0 HLODRelevant:0 ListedInSceneOutliner:1 IsMainWorldOnly:0
 |   |   |- [+] [ 21]
 |   |   |   |- Guid:EC4E0C944CE6AC6E784BC6BB2916EA13 BaseClass: NativeClass:/Script/Engine.StaticMeshActor Name:StaticMeshActor_UAID_A4AE111137DC5EFB00_1110535423 Label:SM_SkySphere SpatiallyLoaded:0 Bounds:IsValid=true, Min=(X=-1638400.000 Y=-1638400.000 Z=-1638400.000), Max=(X=1638400.000 Y=1638400.000 Z=1638400.000) RuntimeGrid:None EditorOnly:0 RuntimeOnly:0 HLODRelevant:0 ListedInSceneOutliner:1 IsMainWorldOnly:0 FolderPath:Lighting FolderGuid:963EC3EB4002CCE9759E2EBA541A873A
 |   |   |- [+] [ 22]
 |   |   |   |- Guid:EE88CBC043AF7A2D81CBA4A556705D84 BaseClass: NativeClass:/Script/NavigationSystem.NavMeshBoundsVolume Name:NavMeshBoundsVolume_UAID_0C9A3C08B6C2413702_1367266016 Label:NavMeshBoundsVolume SpatiallyLoaded:0 Bounds:IsValid=true, Min=(X=-39730.000 Y=-28540.000 Z=-920.000), Max=(X=40270.000 Y=31460.000 Z=5080.000) RuntimeGrid:None EditorOnly:0 RuntimeOnly:0 HLODRelevant:0 ListedInSceneOutliner:1 IsMainWorldOnly:0
 |   |   |- [+] [ 23]
 |   |   |   |- Guid:F5E3FEB3450C49844FD93DA8E083C8AD BaseClass: NativeClass:/Script/Engine.PostProcessVolume Name:PostProcessVolume_0 Label:PostProcessVolume SpatiallyLoaded:0 Bounds:IsValid=true, Min=(X=0.000 Y=-580.000 Z=400.000), Max=(X=200.000 Y=-380.000 Z=600.000) RuntimeGrid:None EditorOnly:0 RuntimeOnly:0 HLODRelevant:0 ListedInSceneOutliner:1 IsMainWorldOnly:0 FolderPath:Lighting FolderGuid:963EC3EB4002CCE9759E2EBA541A873A
 |- ContainerInstances:
 |- [+] MainContainer:
 |   |-        ID: 00000000000000000000000000000000
 |   |-  ParentID: 00000000000000000000000000000000
 |   |-    Bounds: IsValid=false, Min=(X=0.000 Y=0.000 Z=0.000), Max=(X=0.000 Y=0.000 Z=0.000)
 |   |- Transform: 0.000000,0.000000,0.000000|0.000000,0.000000,-0.000000|1.000000,1.000000,1.000000
 |   |- Container: /Game/ThirdPerson/Maps/MainLevelMap
----------------------------------------------------------------------------------------------------------------
MainLevelMap - Persistent Level
----------------------------------------------------------------------------------------------------------------
[+] Content of MainLevelMap Persistent Level
 |- Always loaded Actor Count: 24 
 |- Actor Path: /Game/ThirdPerson/Maps/MainLevelMap.MainLevelMap:PersistentLevel.Bp_Barn_C_UAID_0C9A3C08B6C2265A02_1699761158
 |- Actor Package: /Game/__ExternalActors__/ThirdPerson/Maps/MainLevelMap/3/7V/H0CUCMSK8NSG6TRFJUXBOG
 |- Actor Path: /Game/ThirdPerson/Maps/MainLevelMap.MainLevelMap:PersistentLevel.Bp_Barn_C_UAID_0C9A3C08B6C2823902_2118105571
 |- Actor Package: /Game/__ExternalActors__/ThirdPerson/Maps/MainLevelMap/6/P1/TDK3HHCELZKP52MWT9VBRK
 |- Actor Path: /Game/ThirdPerson/Maps/MainLevelMap.MainLevelMap:PersistentLevel.Bp_Barn_C_UAID_0C9A3C08B6C2873902_1162537408
 |- Actor Package: /Game/__ExternalActors__/ThirdPerson/Maps/MainLevelMap/B/FB/TSDH03JJX4L7AJUPWCNYLI
 |- Actor Path: /Game/ThirdPerson/Maps/MainLevelMap.MainLevelMap:PersistentLevel.Bp_Barn_C_UAID_0C9A3C08B6C2873902_1176540601
 |- Actor Package: /Game/__ExternalActors__/ThirdPerson/Maps/MainLevelMap/F/4Z/YL9AS8C8YWND0DNJFEXHS2
 |- Actor Path: /Game/ThirdPerson/Maps/MainLevelMap.MainLevelMap:PersistentLevel.Bp_Barn_C_UAID_0C9A3C08B6C2873902_1257214730
 |- Actor Package: /Game/__ExternalActors__/ThirdPerson/Maps/MainLevelMap/2/JB/MUHYYE4S1I1J9T1XZJCOZ9
 |- Actor Path: /Game/ThirdPerson/Maps/MainLevelMap.MainLevelMap:PersistentLevel.Bp_Barn_C_UAID_0C9A3C08B6C2873902_1257229740
 |- Actor Package: /Game/__ExternalActors__/ThirdPerson/Maps/MainLevelMap/C/QI/PA34J5D8AFSBPI3R3NZ062
 |- Actor Path: /Game/ThirdPerson/Maps/MainLevelMap.MainLevelMap:PersistentLevel.CrateHolder_C_UAID_0C9A3C08B6C2713902_1389024575
 |- Actor Package: /Game/__ExternalActors__/ThirdPerson/Maps/MainLevelMap/1/AV/UXSL7USYWUUPNA7K5852V9
 |- Actor Path: /Game/ThirdPerson/Maps/MainLevelMap.MainLevelMap:PersistentLevel.DirectionalLight_0
 |- Actor Package: /Game/__ExternalActors__/ThirdPerson/Maps/MainLevelMap/2/XA/4R4IJE8OPP6HC1661M2BB5
 |- Actor Path: /Game/ThirdPerson/Maps/MainLevelMap.MainLevelMap:PersistentLevel.ExponentialHeightFog_0
 |- Actor Package: /Game/__ExternalActors__/ThirdPerson/Maps/MainLevelMap/0/RG/KOELCIVATUITA0QGIQY9KD
 |- Actor Path: /Game/ThirdPerson/Maps/MainLevelMap.MainLevelMap:PersistentLevel.Landscape_UAID_0C9A3C08B6C25D3702_1731646943
 |- Actor Package: /Game/__ExternalActors__/ThirdPerson/Maps/MainLevelMap/C/2H/HQGJ86H9LU8IUK36EIZB2O
 |- Actor Path: /Game/ThirdPerson/Maps/MainLevelMap.MainLevelMap:PersistentLevel.LandscapeStreamingProxy_2MMU1HVU2JT6SM0MPJ733HNY9_252_0_0_0
 |- Actor Package: /Game/__ExternalActors__/ThirdPerson/Maps/MainLevelMap/9/9X/PRU6Y8G6ODV5M3FBZJRMH4
 |- Actor Path: /Game/ThirdPerson/Maps/MainLevelMap.MainLevelMap:PersistentLevel.LandscapeStreamingProxy_2MMU1HVU2JT6SM0MPJ733HNY9_252_0_1_0
 |- Actor Package: /Game/__ExternalActors__/ThirdPerson/Maps/MainLevelMap/B/GG/Z67A1JBUQBNOI4SCXG7TT9
 |- Actor Path: /Game/ThirdPerson/Maps/MainLevelMap.MainLevelMap:PersistentLevel.LandscapeStreamingProxy_2MMU1HVU2JT6SM0MPJ733HNY9_252_1_0_0
 |- Actor Package: /Game/__ExternalActors__/ThirdPerson/Maps/MainLevelMap/2/9R/456Z5O96KD4HEF4NVYBL16
 |- Actor Path: /Game/ThirdPerson/Maps/MainLevelMap.MainLevelMap:PersistentLevel.LandscapeStreamingProxy_2MMU1HVU2JT6SM0MPJ733HNY9_252_1_1_0
 |- Actor Package: /Game/__ExternalActors__/ThirdPerson/Maps/MainLevelMap/5/W0/THHHUN91SH7M2SKUTRN95C
 |- Actor Path: /Game/ThirdPerson/Maps/MainLevelMap.MainLevelMap:PersistentLevel.NavMeshBoundsVolume_UAID_0C9A3C08B6C2413702_1367266016
 |- Actor Package: /Game/__ExternalActors__/ThirdPerson/Maps/MainLevelMap/D/XP/X7X8WDZ6FR4KEJOPBOUP4H
 |- Actor Path: /Game/ThirdPerson/Maps/MainLevelMap.MainLevelMap:PersistentLevel.PlayerStart_0
 |- Actor Package: /Game/__ExternalActors__/ThirdPerson/Maps/MainLevelMap/8/W8/5NEZT3YI8PIM4GUUQAJL5P
 |- Actor Path: /Game/ThirdPerson/Maps/MainLevelMap.MainLevelMap:PersistentLevel.PostProcessVolume_0
 |- Actor Package: /Game/__ExternalActors__/ThirdPerson/Maps/MainLevelMap/C/S6/X344RHQAR7E7FCK10DG0TA
 |- Actor Path: /Game/ThirdPerson/Maps/MainLevelMap.MainLevelMap:PersistentLevel.RecastNavMesh_UAID_0C9A3C08B6C2413702-Default
 |- Actor Package: /Game/__ExternalActors__/ThirdPerson/Maps/MainLevelMap/E/M6/YZJS6AZ5M9QJ4OBJRH5ODA
 |- Actor Path: /Game/ThirdPerson/Maps/MainLevelMap.MainLevelMap:PersistentLevel.SkyAtmosphere_0
 |- Actor Package: /Game/__ExternalActors__/ThirdPerson/Maps/MainLevelMap/6/SY/L5N7S508PY3AH3C612IJ8P
 |- Actor Path: /Game/ThirdPerson/Maps/MainLevelMap.MainLevelMap:PersistentLevel.SkyLight_1
 |- Actor Package: /Game/__ExternalActors__/ThirdPerson/Maps/MainLevelMap/E/FO/E7WCEJ7F9X0RJVKC0SH9LD
 |- Actor Path: /Game/ThirdPerson/Maps/MainLevelMap.MainLevelMap:PersistentLevel.StaticMeshActor_UAID_0C9A3C08B6C2743902_1481996104
 |- Actor Package: /Game/__ExternalActors__/ThirdPerson/Maps/MainLevelMap/9/LF/MIMGDTLVXLFTBS0CA1I29S
 |- Actor Path: /Game/ThirdPerson/Maps/MainLevelMap.MainLevelMap:PersistentLevel.StaticMeshActor_UAID_A4AE111137DC5EFB00_1110535423
 |- Actor Package: /Game/__ExternalActors__/ThirdPerson/Maps/MainLevelMap/6/DU/ES3V21UAXZAGORQND86YTE
 |- Actor Path: /Game/ThirdPerson/Maps/MainLevelMap.MainLevelMap:PersistentLevel.VolumetricCloud_0
 |- Actor Package: /Game/__ExternalActors__/ThirdPerson/Maps/MainLevelMap/B/3E/B9VE4YA59LWQY4U867A95K
 |- Actor Path: /Game/ThirdPerson/Maps/MainLevelMap.MainLevelMap:PersistentLevel.WorldDataLayers
 |- Actor Package: /Game/__ExternalActors__/ThirdPerson/Maps/MainLevelMap/C/GL/LF8T5XNJSMXJC1I8WQEVNR

----------------------------------------------------------------------------------------------------------------
MainLevelMap - Runtime Hash Set
----------------------------------------------------------------------------------------------------------------

